<?xml version="1.0" encoding="UTF-8"?>
<!-- Generated by org.testng.reporters.JUnitXMLReporter -->
<testsuite ignored="1" hostname="DESKTOP-CTJ3R4I" failures="0" tests="1" name="Default test" time="51.927" errors="0" timestamp="2026-08-05T02:48:09 IST">
  <testcase classname="Test.ContactUs_Portfolio_Test" name="portfolio_test" time="47.33"/>
  <testcase classname="Test.ContactUs_Portfolio_Test" name="contactus_test" time="0.0">
    <ignored/>
  </testcase> <!-- contactus_test -->
</testsuite> <!-- Default test -->
