<?xml version="1.0" encoding="UTF-8"?>
<testng-results ignored="1" total="2" passed="1" failed="0" skipped="0">
  <reporter-output>
  </reporter-output>
  <suite started-at="2026-08-05T02:47:17 IST" name="Default suite" finished-at="2026-08-05T02:48:09 IST" duration-ms="51927">
    <groups>
    </groups>
    <test started-at="2026-08-05T02:47:17 IST" name="Default test" finished-at="2026-08-05T02:48:09 IST" duration-ms="51927">
      <class name="Test.ContactUs_Portfolio_Test">
        <test-method is-config="true" signature="setup()[pri:0, instance:Test.ContactUs_Portfolio_Test@188715b5]" started-at="2026-08-05T02:47:17 IST" name="setup" finished-at="2026-08-05T02:47:21 IST" duration-ms="4134" status="PASS">
          <reporter-output>
          </reporter-output>
        </test-method> <!-- setup -->
        <test-method signature="portfolio_test()[pri:0, instance:Test.ContactUs_Portfolio_Test@188715b5]" started-at="2026-08-05T02:47:21 IST" name="portfolio_test" finished-at="2026-08-05T02:48:08 IST" duration-ms="47330" status="PASS">
          <reporter-output>
          </reporter-output>
        </test-method> <!-- portfolio_test -->
        <test-method is-config="true" signature="close()[pri:0, instance:Test.ContactUs_Portfolio_Test@188715b5]" started-at="2026-08-05T02:48:08 IST" name="close" finished-at="2026-08-05T02:48:09 IST" duration-ms="418" status="PASS">
          <reporter-output>
          </reporter-output>
        </test-method> <!-- close -->
      </class> <!-- Test.ContactUs_Portfolio_Test -->
    </test> <!-- Default test -->
  </suite> <!-- Default suite -->
</testng-results>
