<?xml version="1.0" encoding="UTF-8"?>
<!-- Generated by org.testng.reporters.JUnitReportReporter -->
<testsuite hostname="DESKTOP-CTJ3R4I" failures="0" tests="5" name="Test.Vertical_Test" time="289.161" errors="0" timestamp="2026-08-01T03:52:18 IST" skipped="0">
  <testcase classname="Test.Vertical_Test" name="fintech_test" time="31.289"/>
  <testcase classname="Test.Vertical_Test" name="healthcare_test" time="29.052"/>
  <testcase classname="Test.Vertical_Test" name="retail_test" time="33.863"/>
  <testcase classname="Test.Vertical_Test" name="trading_test" time="84.022"/>
  <testcase classname="Test.Vertical_Test" name="customapp_test" time="110.935"/>
</testsuite> <!-- Test.Vertical_Test -->
